1
2
3
6
7
9
18
19
25
27
54
55
73
97
129
171
231
235
313
327
649
654
655
667
703
871
1161
2223
2322
2323
2463
2919
3711
6171
10971
13255
17647
17673
23529
26623
34239
35497
35655
52527
77031
106239
142587
156159
216367
230631
410011
511935
626331
837799
1117065
1126015
1501353
1564063
1723519
2298025
3064033
3542887
3732423
1
9
9
19
55
235
667
1161
1161
1161
1161
2323
2323
2323
2463
2919
6171
6171
6171
6171
6171
6171
10971
10971
10971
10971
10971
10971
10971
13255
13255
13255
17673
17673
17673
17673
17673
17673
17673
17673
17673
17673
17673
17673
17673
17673
17673
17673
17673
17673
17673
17673
23529
23529
23529
23529
23529
26623
26623
26623
26623
26623
26623
26623
26623
26623
26623
26623
26623
26623
35497
156159
837799
837799
837799
837799
837799
1117065
1126015
1564063
2298025
2298025
2298025
2298025
2298025
3064033
3064033
3732423
3732423
3732423
3732423
3732423
3732423
3732423
3732423
3732423
3732423
3732423
