3064033
2298025
2298025
1564063
2298025
3732423
230631
156159
3732423
1501353
2298025
106239
106239
3542887
3542887
3732423
1723519
2298025
3542887
3732423
1126015
156159
3732423
1564063
3732423
3732423
3064033
3064033
2298025
3542887
3732423
3732423
1723519
1564063
837799
3064033
1126015
511935
837799
837799
1723519
2298025
3732423
3732423
3732423
1723519
3064033
626331
1723519
1126015
2298025
3542887
410011
3732423
2298025
1126015
2298025
2298025
837799
1564063
216367
2298025
3732423
2298025
1126015
3542887
2298025
2298025
3732423
2298025
1723519
3064033
77031
837799
1723519
837799
1501353
2298025
2298025
3064033
626331
3732423
626331
2298025
3732423
1723519
3732423
3732423
1723519
3542887
2298025
3732423
3064033
3732423
626331
3732423
1723519
3732423
3732423
2298025
