1126015
2298025
1126015
3732423
3542887
1723519
1723519
3732423
1564063
1126015
3732423
1117065
1564063
1723519
1564063
837799
2298025
3732423
2298025
1564063
1126015
2298025
1126015
3732423
3064033
230631
837799
2298025
3542887
3732423
3732423
3732423
3732423
1723519
3064033
3732423
1723519
1126015
626331
2298025
1723519
410011
3732423
3732423
2298025
1723519
1564063
837799
2298025
1126015
3064033
3732423
230631
35655
1126015
837799
1723519
1564063
1126015
2298025
2298025
77031
626331
35655
3732423
837799
2298025
3732423
511935
77031
626331
142587
156159
1126015
1723519
3064033
3064033
837799
1723519
17673
216367
3732423
3732423
3732423
1723519
3542887
837799
1723519
3732423
1126015
3732423
3064033
3064033
3064033
230631
3732423
626331
3732423
3064033
3732423
